<testsuites id="" name="" tests="33" failures="3" skipped="6" errors="0" time="327.287913">
<testsuite name="tests-final.spec.js" timestamp="2026-02-13T09:14:47.741Z" hostname="chromium" tests="11" failures="1" skipped="0" time="206.987" errors="0">
<testcase name="Mitarbeiter Gehaltsabrechnung E2E Tests › home page loads correctly" classname="tests-final.spec.js" time="20.129">
</testcase>
<testcase name="Mitarbeiter Gehaltsabrechnung E2E Tests › navigation to login page" classname="tests-final.spec.js" time="28.004">
</testcase>
<testcase name="Mitarbeiter Gehaltsabrechnung E2E Tests › successful login workflow" classname="tests-final.spec.js" time="20.19">
</testcase>
<testcase name="Mitarbeiter Gehaltsabrechnung E2E Tests › invalid login should fail" classname="tests-final.spec.js" time="36.101">
<failure message="tests-final.spec.js:119:3 invalid login should fail" type="FAILURE">
<![CDATA[  [chromium] › tests-final.spec.js:119:3 › Mitarbeiter Gehaltsabrechnung E2E Tests › invalid login should fail 

    TimeoutError: page.waitForSelector: Timeout 10000ms exceeded.
    Call log:
      - waiting for locator('input[id="username"]') to be visible


      120 |     await page.goto('http://localhost:3000/dashboard', { timeout: 30000 })
      121 |     
    > 122 |     await page.waitForSelector('input[id="username"]', { timeout: 10000 })
          |                ^
      123 |     
      124 |     // Fülle ungültige Credentials
      125 |     await page.fill('input[id="username"]', 'invalid_user')
        at C:\Projekte\Digitalisierung Gehaltsabrechnung\testing\e2e\tests-final.spec.js:122:16

    attachment #1: video (video/webm) ──────────────────────────────────────────────────────────────
    test-results\tests-final-Mitarbeiter-Ge-06397-s-invalid-login-should-fail-chromium\video.webm
    ────────────────────────────────────────────────────────────────────────────────────────────────

    Error Context: test-results\tests-final-Mitarbeiter-Ge-06397-s-invalid-login-should-fail-chromium\error-context.md
]]>
</failure>
<system-out>
<![CDATA[
[[ATTACHMENT|test-results\tests-final-Mitarbeiter-Ge-06397-s-invalid-login-should-fail-chromium\video.webm]]

[[ATTACHMENT|test-results\tests-final-Mitarbeiter-Ge-06397-s-invalid-login-should-fail-chromium\error-context.md]]
]]>
</system-out>
</testcase>
<testcase name="Mitarbeiter Gehaltsabrechnung E2E Tests › employee table functionality" classname="tests-final.spec.js" time="9.201">
</testcase>
<testcase name="Mitarbeiter Gehaltsabrechnung E2E Tests › employee form modal" classname="tests-final.spec.js" time="15.822">
</testcase>
<testcase name="Mitarbeiter Gehaltsabrechnung E2E Tests › logout functionality" classname="tests-final.spec.js" time="14.659">
</testcase>
<testcase name="Mitarbeiter Gehaltsabrechnung E2E Tests › form validation - empty fields" classname="tests-final.spec.js" time="22.218">
</testcase>
<testcase name="Mitarbeiter Gehaltsabrechnung E2E Tests › responsive design" classname="tests-final.spec.js" time="18.03">
</testcase>
<testcase name="Mitarbeiter Gehaltsabrechnung E2E Tests › basic browser capabilities" classname="tests-final.spec.js" time="9.962">
</testcase>
<testcase name="Mitarbeiter Gehaltsabrechnung E2E Tests › yearly and monthly income updates" classname="tests-final.spec.js" time="12.671">
</testcase>
</testsuite>
<testsuite name="tests-final.spec.js" timestamp="2026-02-13T09:14:47.741Z" hostname="edge" tests="11" failures="0" skipped="0" time="200.73" errors="0">
<testcase name="Mitarbeiter Gehaltsabrechnung E2E Tests › home page loads correctly" classname="tests-final.spec.js" time="3.704">
</testcase>
<testcase name="Mitarbeiter Gehaltsabrechnung E2E Tests › navigation to login page" classname="tests-final.spec.js" time="19.022">
</testcase>
<testcase name="Mitarbeiter Gehaltsabrechnung E2E Tests › successful login workflow" classname="tests-final.spec.js" time="21.035">
</testcase>
<testcase name="Mitarbeiter Gehaltsabrechnung E2E Tests › invalid login should fail" classname="tests-final.spec.js" time="22.282">
</testcase>
<testcase name="Mitarbeiter Gehaltsabrechnung E2E Tests › employee table functionality" classname="tests-final.spec.js" time="6.47">
</testcase>
<testcase name="Mitarbeiter Gehaltsabrechnung E2E Tests › employee form modal" classname="tests-final.spec.js" time="31.244">
</testcase>
<testcase name="Mitarbeiter Gehaltsabrechnung E2E Tests › logout functionality" classname="tests-final.spec.js" time="25.373">
</testcase>
<testcase name="Mitarbeiter Gehaltsabrechnung E2E Tests › form validation - empty fields" classname="tests-final.spec.js" time="22.047">
</testcase>
<testcase name="Mitarbeiter Gehaltsabrechnung E2E Tests › responsive design" classname="tests-final.spec.js" time="31.355">
</testcase>
<testcase name="Mitarbeiter Gehaltsabrechnung E2E Tests › basic browser capabilities" classname="tests-final.spec.js" time="4.68">
</testcase>
<testcase name="Mitarbeiter Gehaltsabrechnung E2E Tests › yearly and monthly income updates" classname="tests-final.spec.js" time="13.518">
</testcase>
</testsuite>
<testsuite name="tests-final.spec.js" timestamp="2026-02-13T09:14:47.741Z" hostname="firefox" tests="11" failures="2" skipped="6" time="429.198" errors="0">
<testcase name="Mitarbeiter Gehaltsabrechnung E2E Tests › home page loads correctly" classname="tests-final.spec.js" time="17.255">
</testcase>
<testcase name="Mitarbeiter Gehaltsabrechnung E2E Tests › navigation to login page" classname="tests-final.spec.js" time="70.482">
</testcase>
<testcase name="Mitarbeiter Gehaltsabrechnung E2E Tests › successful login workflow" classname="tests-final.spec.js" time="103.886">
<failure message="tests-final.spec.js:62:3 successful login workflow" type="FAILURE">
<![CDATA[  [firefox] › tests-final.spec.js:62:3 › Mitarbeiter Gehaltsabrechnung E2E Tests › successful login workflow 

    Test timeout of 60000ms exceeded.

    attachment #1: video (video/webm) ──────────────────────────────────────────────────────────────
    test-results\tests-final-Mitarbeiter-Ge-1154a-s-successful-login-workflow-firefox\video.webm
    ────────────────────────────────────────────────────────────────────────────────────────────────
]]>
</failure>
<system-out>
<![CDATA[
[[ATTACHMENT|test-results\tests-final-Mitarbeiter-Ge-1154a-s-successful-login-workflow-firefox\video.webm]]
]]>
</system-out>
</testcase>
<testcase name="Mitarbeiter Gehaltsabrechnung E2E Tests › invalid login should fail" classname="tests-final.spec.js" time="56.412">
<skipped>
</skipped>
</testcase>
<testcase name="Mitarbeiter Gehaltsabrechnung E2E Tests › employee table functionality" classname="tests-final.spec.js" time="74.563">
</testcase>
<testcase name="Mitarbeiter Gehaltsabrechnung E2E Tests › employee form modal" classname="tests-final.spec.js" time="60.956">
<skipped>
</skipped>
</testcase>
<testcase name="Mitarbeiter Gehaltsabrechnung E2E Tests › logout functionality" classname="tests-final.spec.js" time="45.644">
<failure message="tests-final.spec.js:213:3 logout functionality" type="FAILURE">
<![CDATA[  [firefox] › tests-final.spec.js:213:3 › Mitarbeiter Gehaltsabrechnung E2E Tests › logout functionality 

    TimeoutError: page.click: Timeout 10000ms exceeded.
    Call log:
      - waiting for locator('button:has-text("Anmelden")')
        - locator resolved to <button type="submit" class="inline-flex items-center justify-center whitespace-nowrap rounded-md text-sm font-medium ring-offset-background transition-colors focus-visible:outline-none focus-visible:ring-2 focus-visible:ring-ring focus-visible:ring-offset-2 disabled:pointer-events-none disabled:opacity-50 bg-primary text-primary-foreground hover:bg-primary/90 h-10 px-4 py-2 w-full">Anmelden</button>
      - attempting click action
        - waiting for element to be visible, enabled and stable


      217 |     await page.fill('input[id="username"]', 'test')
      218 |     await page.fill('input[id="password"]', 'test')
    > 219 |     await page.click('button:has-text("Anmelden")')
          |                ^
      220 |     
      221 |     await page.waitForSelector('button:has-text("Abmelden")', { timeout: 15000 })
      222 |     
        at C:\Projekte\Digitalisierung Gehaltsabrechnung\testing\e2e\tests-final.spec.js:219:16

    attachment #1: screenshot (image/png) ──────────────────────────────────────────────────────────
    test-results\tests-final-Mitarbeiter-Ge-eb7d0--Tests-logout-functionality-firefox\test-failed-1.png
    ────────────────────────────────────────────────────────────────────────────────────────────────

    Error Context: test-results\tests-final-Mitarbeiter-Ge-eb7d0--Tests-logout-functionality-firefox\error-context.md
]]>
</failure>
<system-out>
<![CDATA[
[[ATTACHMENT|test-results\tests-final-Mitarbeiter-Ge-eb7d0--Tests-logout-functionality-firefox\test-failed-1.png]]

[[ATTACHMENT|test-results\tests-final-Mitarbeiter-Ge-eb7d0--Tests-logout-functionality-firefox\error-context.md]]
]]>
</system-out>
</testcase>
<testcase name="Mitarbeiter Gehaltsabrechnung E2E Tests › form validation - empty fields" classname="tests-final.spec.js" time="0">
<skipped>
</skipped>
</testcase>
<testcase name="Mitarbeiter Gehaltsabrechnung E2E Tests › responsive design" classname="tests-final.spec.js" time="0">
<skipped>
</skipped>
</testcase>
<testcase name="Mitarbeiter Gehaltsabrechnung E2E Tests › basic browser capabilities" classname="tests-final.spec.js" time="0">
<skipped>
</skipped>
</testcase>
<testcase name="Mitarbeiter Gehaltsabrechnung E2E Tests › yearly and monthly income updates" classname="tests-final.spec.js" time="0">
<skipped>
</skipped>
</testcase>
</testsuite>
</testsuites>