<testsuites id="" name="" tests="54" failures="0" skipped="0" errors="0" time="268.279795">
<testsuite name="tests-final.spec.js" timestamp="2026-02-20T08:12:25.170Z" hostname="chromium" tests="18" failures="0" skipped="0" time="236.986" errors="0">
<testcase name="Mitarbeiter Gehaltsabrechnung E2E Tests › home page loads correctly" classname="tests-final.spec.js" time="5.325">
</testcase>
<testcase name="Mitarbeiter Gehaltsabrechnung E2E Tests › navigation to login page" classname="tests-final.spec.js" time="14.515">
</testcase>
<testcase name="Mitarbeiter Gehaltsabrechnung E2E Tests › successful login workflow" classname="tests-final.spec.js" time="11.633">
</testcase>
<testcase name="Mitarbeiter Gehaltsabrechnung E2E Tests › invalid login should fail" classname="tests-final.spec.js" time="15.013">
</testcase>
<testcase name="Mitarbeiter Gehaltsabrechnung E2E Tests › employee table functionality" classname="tests-final.spec.js" time="13.795">
</testcase>
<testcase name="Mitarbeiter Gehaltsabrechnung E2E Tests › employee form modal" classname="tests-final.spec.js" time="12.44">
</testcase>
<testcase name="Mitarbeiter Gehaltsabrechnung E2E Tests › logout functionality" classname="tests-final.spec.js" time="12.47">
</testcase>
<testcase name="Mitarbeiter Gehaltsabrechnung E2E Tests › form validation - empty fields" classname="tests-final.spec.js" time="4.309">
</testcase>
<testcase name="Mitarbeiter Gehaltsabrechnung E2E Tests › responsive design" classname="tests-final.spec.js" time="10.954">
</testcase>
<testcase name="Mitarbeiter Gehaltsabrechnung E2E Tests › basic browser capabilities" classname="tests-final.spec.js" time="8.064">
</testcase>
<testcase name="Mitarbeiter Gehaltsabrechnung E2E Tests › yearly and monthly income updates" classname="tests-final.spec.js" time="8.807">
</testcase>
<testcase name="Mitarbeiter Gehaltsabrechnung E2E Tests › employee table sorting functionality" classname="tests-final.spec.js" time="20.647">
</testcase>
<testcase name="Mitarbeiter Gehaltsabrechnung E2E Tests › employee search functionality" classname="tests-final.spec.js" time="13.032">
<system-out>
<![CDATA[Suchfeld nicht gefunden
]]>
</system-out>
</testcase>
<testcase name="Mitarbeiter Gehaltsabrechnung E2E Tests › employee CRUD operations" classname="tests-final.spec.js" time="23.082">
</testcase>
<testcase name="Mitarbeiter Gehaltsabrechnung E2E Tests › employee detail view comprehensive" classname="tests-final.spec.js" time="17.296">
</testcase>
<testcase name="Mitarbeiter Gehaltsabrechnung E2E Tests › error handling and loading states" classname="tests-final.spec.js" time="16.884">
</testcase>
<testcase name="Mitarbeiter Gehaltsabrechnung E2E Tests › import export functionality" classname="tests-final.spec.js" time="21.462">
<system-out>
<![CDATA[Download nicht gestartet, möglicherweise Modal erforderlich
]]>
</system-out>
</testcase>
<testcase name="Mitarbeiter Gehaltsabrechnung E2E Tests › accessibility and keyboard navigation" classname="tests-final.spec.js" time="7.258">
</testcase>
</testsuite>
<testsuite name="tests-final.spec.js" timestamp="2026-02-20T08:12:25.170Z" hostname="edge" tests="18" failures="0" skipped="0" time="217.575" errors="0">
<testcase name="Mitarbeiter Gehaltsabrechnung E2E Tests › home page loads correctly" classname="tests-final.spec.js" time="9.107">
</testcase>
<testcase name="Mitarbeiter Gehaltsabrechnung E2E Tests › navigation to login page" classname="tests-final.spec.js" time="5.85">
</testcase>
<testcase name="Mitarbeiter Gehaltsabrechnung E2E Tests › successful login workflow" classname="tests-final.spec.js" time="15.977">
</testcase>
<testcase name="Mitarbeiter Gehaltsabrechnung E2E Tests › invalid login should fail" classname="tests-final.spec.js" time="7.801">
</testcase>
<testcase name="Mitarbeiter Gehaltsabrechnung E2E Tests › employee table functionality" classname="tests-final.spec.js" time="4.586">
</testcase>
<testcase name="Mitarbeiter Gehaltsabrechnung E2E Tests › employee form modal" classname="tests-final.spec.js" time="9.996">
</testcase>
<testcase name="Mitarbeiter Gehaltsabrechnung E2E Tests › logout functionality" classname="tests-final.spec.js" time="9.951">
</testcase>
<testcase name="Mitarbeiter Gehaltsabrechnung E2E Tests › form validation - empty fields" classname="tests-final.spec.js" time="10.437">
</testcase>
<testcase name="Mitarbeiter Gehaltsabrechnung E2E Tests › responsive design" classname="tests-final.spec.js" time="7.729">
</testcase>
<testcase name="Mitarbeiter Gehaltsabrechnung E2E Tests › basic browser capabilities" classname="tests-final.spec.js" time="6.598">
</testcase>
<testcase name="Mitarbeiter Gehaltsabrechnung E2E Tests › yearly and monthly income updates" classname="tests-final.spec.js" time="13.737">
</testcase>
<testcase name="Mitarbeiter Gehaltsabrechnung E2E Tests › employee table sorting functionality" classname="tests-final.spec.js" time="17.413">
</testcase>
<testcase name="Mitarbeiter Gehaltsabrechnung E2E Tests › employee search functionality" classname="tests-final.spec.js" time="7.886">
<system-out>
<![CDATA[Suchfeld nicht gefunden
]]>
</system-out>
</testcase>
<testcase name="Mitarbeiter Gehaltsabrechnung E2E Tests › employee CRUD operations" classname="tests-final.spec.js" time="25.36">
</testcase>
<testcase name="Mitarbeiter Gehaltsabrechnung E2E Tests › employee detail view comprehensive" classname="tests-final.spec.js" time="15.672">
</testcase>
<testcase name="Mitarbeiter Gehaltsabrechnung E2E Tests › error handling and loading states" classname="tests-final.spec.js" time="13.269">
</testcase>
<testcase name="Mitarbeiter Gehaltsabrechnung E2E Tests › import export functionality" classname="tests-final.spec.js" time="26.751">
<system-out>
<![CDATA[Download nicht gestartet, möglicherweise Modal erforderlich
]]>
</system-out>
</testcase>
<testcase name="Mitarbeiter Gehaltsabrechnung E2E Tests › accessibility and keyboard navigation" classname="tests-final.spec.js" time="9.455">
</testcase>
</testsuite>
<testsuite name="tests-final.spec.js" timestamp="2026-02-20T08:12:25.170Z" hostname="firefox" tests="18" failures="0" skipped="0" time="408.378" errors="0">
<testcase name="Mitarbeiter Gehaltsabrechnung E2E Tests › home page loads correctly" classname="tests-final.spec.js" time="16.147">
</testcase>
<testcase name="Mitarbeiter Gehaltsabrechnung E2E Tests › navigation to login page" classname="tests-final.spec.js" time="18.322">
</testcase>
<testcase name="Mitarbeiter Gehaltsabrechnung E2E Tests › successful login workflow" classname="tests-final.spec.js" time="35.728">
</testcase>
<testcase name="Mitarbeiter Gehaltsabrechnung E2E Tests › invalid login should fail" classname="tests-final.spec.js" time="22.156">
</testcase>
<testcase name="Mitarbeiter Gehaltsabrechnung E2E Tests › employee table functionality" classname="tests-final.spec.js" time="16.241">
</testcase>
<testcase name="Mitarbeiter Gehaltsabrechnung E2E Tests › employee form modal" classname="tests-final.spec.js" time="17.555">
</testcase>
<testcase name="Mitarbeiter Gehaltsabrechnung E2E Tests › logout functionality" classname="tests-final.spec.js" time="15.763">
</testcase>
<testcase name="Mitarbeiter Gehaltsabrechnung E2E Tests › form validation - empty fields" classname="tests-final.spec.js" time="11.405">
</testcase>
<testcase name="Mitarbeiter Gehaltsabrechnung E2E Tests › responsive design" classname="tests-final.spec.js" time="22.218">
</testcase>
<testcase name="Mitarbeiter Gehaltsabrechnung E2E Tests › basic browser capabilities" classname="tests-final.spec.js" time="4.15">
</testcase>
<testcase name="Mitarbeiter Gehaltsabrechnung E2E Tests › yearly and monthly income updates" classname="tests-final.spec.js" time="28.324">
</testcase>
<testcase name="Mitarbeiter Gehaltsabrechnung E2E Tests › employee table sorting functionality" classname="tests-final.spec.js" time="51.751">
</testcase>
<testcase name="Mitarbeiter Gehaltsabrechnung E2E Tests › employee search functionality" classname="tests-final.spec.js" time="25.276">
<system-out>
<![CDATA[Suchfeld nicht gefunden
]]>
</system-out>
</testcase>
<testcase name="Mitarbeiter Gehaltsabrechnung E2E Tests › employee CRUD operations" classname="tests-final.spec.js" time="36.093">
</testcase>
<testcase name="Mitarbeiter Gehaltsabrechnung E2E Tests › employee detail view comprehensive" classname="tests-final.spec.js" time="33.334">
</testcase>
<testcase name="Mitarbeiter Gehaltsabrechnung E2E Tests › error handling and loading states" classname="tests-final.spec.js" time="22.419">
</testcase>
<testcase name="Mitarbeiter Gehaltsabrechnung E2E Tests › import export functionality" classname="tests-final.spec.js" time="21.55">
<system-out>
<![CDATA[Download nicht gestartet, möglicherweise Modal erforderlich
]]>
</system-out>
</testcase>
<testcase name="Mitarbeiter Gehaltsabrechnung E2E Tests › accessibility and keyboard navigation" classname="tests-final.spec.js" time="9.946">
</testcase>
</testsuite>
</testsuites>