<testsuites id="" name="" tests="54" failures="12" skipped="0" errors="0" time="331.057954">
<testsuite name="tests-final.spec.js" timestamp="2026-02-24T12:11:45.620Z" hostname="chromium" tests="18" failures="4" skipped="0" time="251.674" errors="0">
<testcase name="Mitarbeiter Gehaltsabrechnung E2E Tests › home page loads correctly" classname="tests-final.spec.js" time="11.212">
</testcase>
<testcase name="Mitarbeiter Gehaltsabrechnung E2E Tests › navigation to login page" classname="tests-final.spec.js" time="14.41">
</testcase>
<testcase name="Mitarbeiter Gehaltsabrechnung E2E Tests › successful login workflow" classname="tests-final.spec.js" time="15.53">
</testcase>
<testcase name="Mitarbeiter Gehaltsabrechnung E2E Tests › invalid login should fail" classname="tests-final.spec.js" time="13.507">
</testcase>
<testcase name="Mitarbeiter Gehaltsabrechnung E2E Tests › employee table functionality" classname="tests-final.spec.js" time="38.476">
<failure message="tests-final.spec.js:155:3 employee table functionality" type="FAILURE">
<![CDATA[  [chromium] › tests-final.spec.js:155:3 › Mitarbeiter Gehaltsabrechnung E2E Tests › employee table functionality 

    Error: expect(locator).toBeVisible() failed

    Locator: locator('table').locator('th:has-text("Name")')
    Expected: visible
    Timeout: 20000ms
    Error: element(s) not found

    Call log:
      - Expect "toBeVisible" with timeout 20000ms
      - waiting for locator('table').locator('th:has-text("Name")')


      176 |     
      177 |     // Überprüfe wichtige Spalten
    > 178 |     await expect(table.locator('th:has-text("Name")')).toBeVisible()
          |                                                        ^
      179 |     await expect(table.locator('th:has-text("ID")')).toBeVisible()
      180 |     await expect(table.locator('th:has-text("Kategorie")')).toBeVisible()
      181 |     await expect(table.locator('th:has-text("Aktionen")')).toBeVisible()
        at C:\Projekte\Digitalisierung Gehaltsabrechnung\testing\e2e\tests-final.spec.js:178:56

    attachment #1: screenshot (image/png) ──────────────────────────────────────────────────────────
    test-results\tests-final-Mitarbeiter-Ge-abec1-mployee-table-functionality-chromium\test-failed-1.png
    ────────────────────────────────────────────────────────────────────────────────────────────────

    attachment #2: video (video/webm) ──────────────────────────────────────────────────────────────
    test-results\tests-final-Mitarbeiter-Ge-abec1-mployee-table-functionality-chromium\video.webm
    ────────────────────────────────────────────────────────────────────────────────────────────────

    Error Context: test-results\tests-final-Mitarbeiter-Ge-abec1-mployee-table-functionality-chromium\error-context.md
]]>
</failure>
<system-out>
<![CDATA[
[[ATTACHMENT|test-results\tests-final-Mitarbeiter-Ge-abec1-mployee-table-functionality-chromium\test-failed-1.png]]

[[ATTACHMENT|test-results\tests-final-Mitarbeiter-Ge-abec1-mployee-table-functionality-chromium\video.webm]]

[[ATTACHMENT|test-results\tests-final-Mitarbeiter-Ge-abec1-mployee-table-functionality-chromium\error-context.md]]
]]>
</system-out>
</testcase>
<testcase name="Mitarbeiter Gehaltsabrechnung E2E Tests › employee form modal" classname="tests-final.spec.js" time="13.845">
<failure message="tests-final.spec.js:184:3 employee form modal" type="FAILURE">
<![CDATA[  [chromium] › tests-final.spec.js:184:3 › Mitarbeiter Gehaltsabrechnung E2E Tests › employee form modal 

    Error: expect(locator).toBeVisible() failed

    Locator: locator('button:has-text("Neuer Mitarbeiter")')
    Expected: visible
    Timeout: 5000ms
    Error: element(s) not found

    Call log:
      - Expect "toBeVisible" with timeout 5000ms
      - waiting for locator('button:has-text("Neuer Mitarbeiter")')


      219 |     } else {
      220 |       // Fallback: Überprüfe dass der Button existiert
    > 221 |       await expect(addButton).toBeVisible({ timeout: 5000 })
          |                               ^
      222 |     }
      223 |   })
      224 |
        at C:\Projekte\Digitalisierung Gehaltsabrechnung\testing\e2e\tests-final.spec.js:221:31

    attachment #1: screenshot (image/png) ──────────────────────────────────────────────────────────
    test-results\tests-final-Mitarbeiter-Ge-64cff-E-Tests-employee-form-modal-chromium\test-failed-1.png
    ────────────────────────────────────────────────────────────────────────────────────────────────

    attachment #2: video (video/webm) ──────────────────────────────────────────────────────────────
    test-results\tests-final-Mitarbeiter-Ge-64cff-E-Tests-employee-form-modal-chromium\video.webm
    ────────────────────────────────────────────────────────────────────────────────────────────────

    Error Context: test-results\tests-final-Mitarbeiter-Ge-64cff-E-Tests-employee-form-modal-chromium\error-context.md
]]>
</failure>
<system-out>
<![CDATA[
[[ATTACHMENT|test-results\tests-final-Mitarbeiter-Ge-64cff-E-Tests-employee-form-modal-chromium\test-failed-1.png]]

[[ATTACHMENT|test-results\tests-final-Mitarbeiter-Ge-64cff-E-Tests-employee-form-modal-chromium\video.webm]]

[[ATTACHMENT|test-results\tests-final-Mitarbeiter-Ge-64cff-E-Tests-employee-form-modal-chromium\error-context.md]]
]]>
</system-out>
</testcase>
<testcase name="Mitarbeiter Gehaltsabrechnung E2E Tests › logout functionality" classname="tests-final.spec.js" time="9.415">
</testcase>
<testcase name="Mitarbeiter Gehaltsabrechnung E2E Tests › form validation - empty fields" classname="tests-final.spec.js" time="8.042">
</testcase>
<testcase name="Mitarbeiter Gehaltsabrechnung E2E Tests › responsive design" classname="tests-final.spec.js" time="5.504">
</testcase>
<testcase name="Mitarbeiter Gehaltsabrechnung E2E Tests › basic browser capabilities" classname="tests-final.spec.js" time="5.706">
</testcase>
<testcase name="Mitarbeiter Gehaltsabrechnung E2E Tests › yearly and monthly income updates" classname="tests-final.spec.js" time="20.349">
<failure message="tests-final.spec.js:297:3 yearly and monthly income updates" type="FAILURE">
<![CDATA[  [chromium] › tests-final.spec.js:297:3 › Mitarbeiter Gehaltsabrechnung E2E Tests › yearly and monthly income updates 

    TimeoutError: page.click: Timeout 10000ms exceeded.
    Call log:
      - waiting for locator('text=Zulagen')


      349 |     
      350 |     // Teste jährlichen Modus
    > 351 |     await page.click('text=Zulagen')
          |                ^
      352 |     
      353 |     // Warte auf Zulagen-Formular - suche nach verschiedenen möglichen Labels
      354 |     try {
        at C:\Projekte\Digitalisierung Gehaltsabrechnung\testing\e2e\tests-final.spec.js:351:16

    attachment #1: screenshot (image/png) ──────────────────────────────────────────────────────────
    test-results\tests-final-Mitarbeiter-Ge-4fe41--and-monthly-income-updates-chromium\test-failed-1.png
    ────────────────────────────────────────────────────────────────────────────────────────────────

    attachment #2: video (video/webm) ──────────────────────────────────────────────────────────────
    test-results\tests-final-Mitarbeiter-Ge-4fe41--and-monthly-income-updates-chromium\video.webm
    ────────────────────────────────────────────────────────────────────────────────────────────────

    Error Context: test-results\tests-final-Mitarbeiter-Ge-4fe41--and-monthly-income-updates-chromium\error-context.md
]]>
</failure>
<system-out>
<![CDATA[
[[ATTACHMENT|test-results\tests-final-Mitarbeiter-Ge-4fe41--and-monthly-income-updates-chromium\test-failed-1.png]]

[[ATTACHMENT|test-results\tests-final-Mitarbeiter-Ge-4fe41--and-monthly-income-updates-chromium\video.webm]]

[[ATTACHMENT|test-results\tests-final-Mitarbeiter-Ge-4fe41--and-monthly-income-updates-chromium\error-context.md]]
]]>
</system-out>
</testcase>
<testcase name="Mitarbeiter Gehaltsabrechnung E2E Tests › employee table sorting functionality" classname="tests-final.spec.js" time="13.601">
</testcase>
<testcase name="Mitarbeiter Gehaltsabrechnung E2E Tests › employee search functionality" classname="tests-final.spec.js" time="5.958">
<system-out>
<![CDATA[Suchfeld nicht gefunden - möglicherweise nicht implementiert
]]>
</system-out>
</testcase>
<testcase name="Mitarbeiter Gehaltsabrechnung E2E Tests › employee CRUD operations" classname="tests-final.spec.js" time="15.635">
</testcase>
<testcase name="Mitarbeiter Gehaltsabrechnung E2E Tests › employee detail view comprehensive" classname="tests-final.spec.js" time="21.911">
<failure message="tests-final.spec.js:700:3 employee detail view comprehensive" type="FAILURE">
<![CDATA[  [chromium] › tests-final.spec.js:700:3 › Mitarbeiter Gehaltsabrechnung E2E Tests › employee detail view comprehensive 

    TimeoutError: page.waitForSelector: Timeout 10000ms exceeded.
    Call log:
      - waiting for locator('text=Gehalt') to be visible


      722 |     // Warte auf Detailseite
      723 |     await Promise.race([
    > 724 |       page.waitForSelector('text=Gehalt', { timeout: 10000 }),
          |            ^
      725 |       page.waitForSelector('text=Zulagen', { timeout: 10000 }),
      726 |       page.waitForSelector('text=Abzüge', { timeout: 10000 })
      727 |     ])
        at C:\Projekte\Digitalisierung Gehaltsabrechnung\testing\e2e\tests-final.spec.js:724:12

    attachment #1: screenshot (image/png) ──────────────────────────────────────────────────────────
    test-results\tests-final-Mitarbeiter-Ge-61d43-e-detail-view-comprehensive-chromium\test-failed-1.png
    ────────────────────────────────────────────────────────────────────────────────────────────────

    attachment #2: video (video/webm) ──────────────────────────────────────────────────────────────
    test-results\tests-final-Mitarbeiter-Ge-61d43-e-detail-view-comprehensive-chromium\video.webm
    ────────────────────────────────────────────────────────────────────────────────────────────────

    Error Context: test-results\tests-final-Mitarbeiter-Ge-61d43-e-detail-view-comprehensive-chromium\error-context.md
]]>
</failure>
<system-out>
<![CDATA[
[[ATTACHMENT|test-results\tests-final-Mitarbeiter-Ge-61d43-e-detail-view-comprehensive-chromium\test-failed-1.png]]

[[ATTACHMENT|test-results\tests-final-Mitarbeiter-Ge-61d43-e-detail-view-comprehensive-chromium\video.webm]]

[[ATTACHMENT|test-results\tests-final-Mitarbeiter-Ge-61d43-e-detail-view-comprehensive-chromium\error-context.md]]
]]>
</system-out>
</testcase>
<testcase name="Mitarbeiter Gehaltsabrechnung E2E Tests › error handling and loading states" classname="tests-final.spec.js" time="10.784">
</testcase>
<testcase name="Mitarbeiter Gehaltsabrechnung E2E Tests › import export functionality" classname="tests-final.spec.js" time="21.018">
<system-out>
<![CDATA[Export nicht gestartet - möglicherweise nicht implementiert oder Modal erforderlich
]]>
</system-out>
</testcase>
<testcase name="Mitarbeiter Gehaltsabrechnung E2E Tests › accessibility and keyboard navigation" classname="tests-final.spec.js" time="6.771">
</testcase>
</testsuite>
<testsuite name="tests-final.spec.js" timestamp="2026-02-24T12:11:45.620Z" hostname="edge" tests="18" failures="4" skipped="0" time="225.555" errors="0">
<testcase name="Mitarbeiter Gehaltsabrechnung E2E Tests › home page loads correctly" classname="tests-final.spec.js" time="8.755">
</testcase>
<testcase name="Mitarbeiter Gehaltsabrechnung E2E Tests › navigation to login page" classname="tests-final.spec.js" time="5.942">
</testcase>
<testcase name="Mitarbeiter Gehaltsabrechnung E2E Tests › successful login workflow" classname="tests-final.spec.js" time="15.239">
</testcase>
<testcase name="Mitarbeiter Gehaltsabrechnung E2E Tests › invalid login should fail" classname="tests-final.spec.js" time="8.882">
</testcase>
<testcase name="Mitarbeiter Gehaltsabrechnung E2E Tests › employee table functionality" classname="tests-final.spec.js" time="30.323">
<failure message="tests-final.spec.js:155:3 employee table functionality" type="FAILURE">
<![CDATA[  [edge] › tests-final.spec.js:155:3 › Mitarbeiter Gehaltsabrechnung E2E Tests › employee table functionality 

    Error: expect(locator).toBeVisible() failed

    Locator: locator('table').locator('th:has-text("Name")')
    Expected: visible
    Timeout: 20000ms
    Error: element(s) not found

    Call log:
      - Expect "toBeVisible" with timeout 20000ms
      - waiting for locator('table').locator('th:has-text("Name")')


      176 |     
      177 |     // Überprüfe wichtige Spalten
    > 178 |     await expect(table.locator('th:has-text("Name")')).toBeVisible()
          |                                                        ^
      179 |     await expect(table.locator('th:has-text("ID")')).toBeVisible()
      180 |     await expect(table.locator('th:has-text("Kategorie")')).toBeVisible()
      181 |     await expect(table.locator('th:has-text("Aktionen")')).toBeVisible()
        at C:\Projekte\Digitalisierung Gehaltsabrechnung\testing\e2e\tests-final.spec.js:178:56

    attachment #1: screenshot (image/png) ──────────────────────────────────────────────────────────
    test-results\tests-final-Mitarbeiter-Ge-abec1-mployee-table-functionality-edge\test-failed-1.png
    ────────────────────────────────────────────────────────────────────────────────────────────────

    attachment #2: video (video/webm) ──────────────────────────────────────────────────────────────
    test-results\tests-final-Mitarbeiter-Ge-abec1-mployee-table-functionality-edge\video.webm
    ────────────────────────────────────────────────────────────────────────────────────────────────

    Error Context: test-results\tests-final-Mitarbeiter-Ge-abec1-mployee-table-functionality-edge\error-context.md
]]>
</failure>
<system-out>
<![CDATA[
[[ATTACHMENT|test-results\tests-final-Mitarbeiter-Ge-abec1-mployee-table-functionality-edge\test-failed-1.png]]

[[ATTACHMENT|test-results\tests-final-Mitarbeiter-Ge-abec1-mployee-table-functionality-edge\video.webm]]

[[ATTACHMENT|test-results\tests-final-Mitarbeiter-Ge-abec1-mployee-table-functionality-edge\error-context.md]]
]]>
</system-out>
</testcase>
<testcase name="Mitarbeiter Gehaltsabrechnung E2E Tests › employee form modal" classname="tests-final.spec.js" time="12.944">
<failure message="tests-final.spec.js:184:3 employee form modal" type="FAILURE">
<![CDATA[  [edge] › tests-final.spec.js:184:3 › Mitarbeiter Gehaltsabrechnung E2E Tests › employee form modal 

    Error: expect(locator).toBeVisible() failed

    Locator: locator('button:has-text("Neuer Mitarbeiter")')
    Expected: visible
    Timeout: 5000ms
    Error: element(s) not found

    Call log:
      - Expect "toBeVisible" with timeout 5000ms
      - waiting for locator('button:has-text("Neuer Mitarbeiter")')


      219 |     } else {
      220 |       // Fallback: Überprüfe dass der Button existiert
    > 221 |       await expect(addButton).toBeVisible({ timeout: 5000 })
          |                               ^
      222 |     }
      223 |   })
      224 |
        at C:\Projekte\Digitalisierung Gehaltsabrechnung\testing\e2e\tests-final.spec.js:221:31

    attachment #1: screenshot (image/png) ──────────────────────────────────────────────────────────
    test-results\tests-final-Mitarbeiter-Ge-64cff-E-Tests-employee-form-modal-edge\test-failed-1.png
    ────────────────────────────────────────────────────────────────────────────────────────────────

    attachment #2: video (video/webm) ──────────────────────────────────────────────────────────────
    test-results\tests-final-Mitarbeiter-Ge-64cff-E-Tests-employee-form-modal-edge\video.webm
    ────────────────────────────────────────────────────────────────────────────────────────────────

    Error Context: test-results\tests-final-Mitarbeiter-Ge-64cff-E-Tests-employee-form-modal-edge\error-context.md
]]>
</failure>
<system-out>
<![CDATA[
[[ATTACHMENT|test-results\tests-final-Mitarbeiter-Ge-64cff-E-Tests-employee-form-modal-edge\test-failed-1.png]]

[[ATTACHMENT|test-results\tests-final-Mitarbeiter-Ge-64cff-E-Tests-employee-form-modal-edge\video.webm]]

[[ATTACHMENT|test-results\tests-final-Mitarbeiter-Ge-64cff-E-Tests-employee-form-modal-edge\error-context.md]]
]]>
</system-out>
</testcase>
<testcase name="Mitarbeiter Gehaltsabrechnung E2E Tests › logout functionality" classname="tests-final.spec.js" time="9.161">
</testcase>
<testcase name="Mitarbeiter Gehaltsabrechnung E2E Tests › form validation - empty fields" classname="tests-final.spec.js" time="5.622">
</testcase>
<testcase name="Mitarbeiter Gehaltsabrechnung E2E Tests › responsive design" classname="tests-final.spec.js" time="5.891">
</testcase>
<testcase name="Mitarbeiter Gehaltsabrechnung E2E Tests › basic browser capabilities" classname="tests-final.spec.js" time="2.157">
</testcase>
<testcase name="Mitarbeiter Gehaltsabrechnung E2E Tests › yearly and monthly income updates" classname="tests-final.spec.js" time="18.976">
<failure message="tests-final.spec.js:297:3 yearly and monthly income updates" type="FAILURE">
<![CDATA[  [edge] › tests-final.spec.js:297:3 › Mitarbeiter Gehaltsabrechnung E2E Tests › yearly and monthly income updates 

    TimeoutError: page.click: Timeout 10000ms exceeded.
    Call log:
      - waiting for locator('text=Zulagen')


      349 |     
      350 |     // Teste jährlichen Modus
    > 351 |     await page.click('text=Zulagen')
          |                ^
      352 |     
      353 |     // Warte auf Zulagen-Formular - suche nach verschiedenen möglichen Labels
      354 |     try {
        at C:\Projekte\Digitalisierung Gehaltsabrechnung\testing\e2e\tests-final.spec.js:351:16

    attachment #1: screenshot (image/png) ──────────────────────────────────────────────────────────
    test-results\tests-final-Mitarbeiter-Ge-4fe41--and-monthly-income-updates-edge\test-failed-1.png
    ────────────────────────────────────────────────────────────────────────────────────────────────

    attachment #2: video (video/webm) ──────────────────────────────────────────────────────────────
    test-results\tests-final-Mitarbeiter-Ge-4fe41--and-monthly-income-updates-edge\video.webm
    ────────────────────────────────────────────────────────────────────────────────────────────────

    Error Context: test-results\tests-final-Mitarbeiter-Ge-4fe41--and-monthly-income-updates-edge\error-context.md
]]>
</failure>
<system-out>
<![CDATA[
[[ATTACHMENT|test-results\tests-final-Mitarbeiter-Ge-4fe41--and-monthly-income-updates-edge\test-failed-1.png]]

[[ATTACHMENT|test-results\tests-final-Mitarbeiter-Ge-4fe41--and-monthly-income-updates-edge\video.webm]]

[[ATTACHMENT|test-results\tests-final-Mitarbeiter-Ge-4fe41--and-monthly-income-updates-edge\error-context.md]]
]]>
</system-out>
</testcase>
<testcase name="Mitarbeiter Gehaltsabrechnung E2E Tests › employee table sorting functionality" classname="tests-final.spec.js" time="12.639">
</testcase>
<testcase name="Mitarbeiter Gehaltsabrechnung E2E Tests › employee search functionality" classname="tests-final.spec.js" time="9.841">
<system-out>
<![CDATA[Suchfeld nicht gefunden - möglicherweise nicht implementiert
]]>
</system-out>
</testcase>
<testcase name="Mitarbeiter Gehaltsabrechnung E2E Tests › employee CRUD operations" classname="tests-final.spec.js" time="19.905">
</testcase>
<testcase name="Mitarbeiter Gehaltsabrechnung E2E Tests › employee detail view comprehensive" classname="tests-final.spec.js" time="19.949">
<failure message="tests-final.spec.js:700:3 employee detail view comprehensive" type="FAILURE">
<![CDATA[  [edge] › tests-final.spec.js:700:3 › Mitarbeiter Gehaltsabrechnung E2E Tests › employee detail view comprehensive 

    TimeoutError: page.waitForSelector: Timeout 10000ms exceeded.
    Call log:
      - waiting for locator('text=Gehalt') to be visible


      722 |     // Warte auf Detailseite
      723 |     await Promise.race([
    > 724 |       page.waitForSelector('text=Gehalt', { timeout: 10000 }),
          |            ^
      725 |       page.waitForSelector('text=Zulagen', { timeout: 10000 }),
      726 |       page.waitForSelector('text=Abzüge', { timeout: 10000 })
      727 |     ])
        at C:\Projekte\Digitalisierung Gehaltsabrechnung\testing\e2e\tests-final.spec.js:724:12

    attachment #1: screenshot (image/png) ──────────────────────────────────────────────────────────
    test-results\tests-final-Mitarbeiter-Ge-61d43-e-detail-view-comprehensive-edge\test-failed-1.png
    ────────────────────────────────────────────────────────────────────────────────────────────────

    attachment #2: video (video/webm) ──────────────────────────────────────────────────────────────
    test-results\tests-final-Mitarbeiter-Ge-61d43-e-detail-view-comprehensive-edge\video.webm
    ────────────────────────────────────────────────────────────────────────────────────────────────

    Error Context: test-results\tests-final-Mitarbeiter-Ge-61d43-e-detail-view-comprehensive-edge\error-context.md
]]>
</failure>
<system-out>
<![CDATA[
[[ATTACHMENT|test-results\tests-final-Mitarbeiter-Ge-61d43-e-detail-view-comprehensive-edge\test-failed-1.png]]

[[ATTACHMENT|test-results\tests-final-Mitarbeiter-Ge-61d43-e-detail-view-comprehensive-edge\video.webm]]

[[ATTACHMENT|test-results\tests-final-Mitarbeiter-Ge-61d43-e-detail-view-comprehensive-edge\error-context.md]]
]]>
</system-out>
</testcase>
<testcase name="Mitarbeiter Gehaltsabrechnung E2E Tests › error handling and loading states" classname="tests-final.spec.js" time="15.401">
</testcase>
<testcase name="Mitarbeiter Gehaltsabrechnung E2E Tests › import export functionality" classname="tests-final.spec.js" time="17.898">
<system-out>
<![CDATA[Export nicht gestartet - möglicherweise nicht implementiert oder Modal erforderlich
]]>
</system-out>
</testcase>
<testcase name="Mitarbeiter Gehaltsabrechnung E2E Tests › accessibility and keyboard navigation" classname="tests-final.spec.js" time="6.03">
</testcase>
</testsuite>
<testsuite name="tests-final.spec.js" timestamp="2026-02-24T12:11:45.620Z" hostname="firefox" tests="18" failures="4" skipped="0" time="452.758" errors="0">
<testcase name="Mitarbeiter Gehaltsabrechnung E2E Tests › home page loads correctly" classname="tests-final.spec.js" time="9.315">
</testcase>
<testcase name="Mitarbeiter Gehaltsabrechnung E2E Tests › navigation to login page" classname="tests-final.spec.js" time="51.682">
</testcase>
<testcase name="Mitarbeiter Gehaltsabrechnung E2E Tests › successful login workflow" classname="tests-final.spec.js" time="56.335">
</testcase>
<testcase name="Mitarbeiter Gehaltsabrechnung E2E Tests › invalid login should fail" classname="tests-final.spec.js" time="52.767">
</testcase>
<testcase name="Mitarbeiter Gehaltsabrechnung E2E Tests › employee table functionality" classname="tests-final.spec.js" time="53.53">
<failure message="tests-final.spec.js:155:3 employee table functionality" type="FAILURE">
<![CDATA[  [firefox] › tests-final.spec.js:155:3 › Mitarbeiter Gehaltsabrechnung E2E Tests › employee table functionality 

    Error: expect(locator).toBeVisible() failed

    Locator: locator('table').locator('th:has-text("Name")')
    Expected: visible
    Timeout: 20000ms
    Error: element(s) not found

    Call log:
      - Expect "toBeVisible" with timeout 20000ms
      - waiting for locator('table').locator('th:has-text("Name")')


      176 |     
      177 |     // Überprüfe wichtige Spalten
    > 178 |     await expect(table.locator('th:has-text("Name")')).toBeVisible()
          |                                                        ^
      179 |     await expect(table.locator('th:has-text("ID")')).toBeVisible()
      180 |     await expect(table.locator('th:has-text("Kategorie")')).toBeVisible()
      181 |     await expect(table.locator('th:has-text("Aktionen")')).toBeVisible()
        at C:\Projekte\Digitalisierung Gehaltsabrechnung\testing\e2e\tests-final.spec.js:178:56

    attachment #1: video (video/webm) ──────────────────────────────────────────────────────────────
    test-results\tests-final-Mitarbeiter-Ge-abec1-mployee-table-functionality-firefox\video.webm
    ────────────────────────────────────────────────────────────────────────────────────────────────
]]>
</failure>
<system-out>
<![CDATA[
[[ATTACHMENT|test-results\tests-final-Mitarbeiter-Ge-abec1-mployee-table-functionality-firefox\video.webm]]
]]>
</system-out>
</testcase>
<testcase name="Mitarbeiter Gehaltsabrechnung E2E Tests › employee form modal" classname="tests-final.spec.js" time="22.171">
<failure message="tests-final.spec.js:184:3 employee form modal" type="FAILURE">
<![CDATA[  [firefox] › tests-final.spec.js:184:3 › Mitarbeiter Gehaltsabrechnung E2E Tests › employee form modal 

    Error: expect(locator).toBeVisible() failed

    Locator: locator('button:has-text("Neuer Mitarbeiter")')
    Expected: visible
    Timeout: 5000ms
    Error: element(s) not found

    Call log:
      - Expect "toBeVisible" with timeout 5000ms
      - waiting for locator('button:has-text("Neuer Mitarbeiter")')


      219 |     } else {
      220 |       // Fallback: Überprüfe dass der Button existiert
    > 221 |       await expect(addButton).toBeVisible({ timeout: 5000 })
          |                               ^
      222 |     }
      223 |   })
      224 |
        at C:\Projekte\Digitalisierung Gehaltsabrechnung\testing\e2e\tests-final.spec.js:221:31

    attachment #1: screenshot (image/png) ──────────────────────────────────────────────────────────
    test-results\tests-final-Mitarbeiter-Ge-64cff-E-Tests-employee-form-modal-firefox\test-failed-1.png
    ────────────────────────────────────────────────────────────────────────────────────────────────

    attachment #2: video (video/webm) ──────────────────────────────────────────────────────────────
    test-results\tests-final-Mitarbeiter-Ge-64cff-E-Tests-employee-form-modal-firefox\video.webm
    ────────────────────────────────────────────────────────────────────────────────────────────────
]]>
</failure>
<system-out>
<![CDATA[
[[ATTACHMENT|test-results\tests-final-Mitarbeiter-Ge-64cff-E-Tests-employee-form-modal-firefox\test-failed-1.png]]

[[ATTACHMENT|test-results\tests-final-Mitarbeiter-Ge-64cff-E-Tests-employee-form-modal-firefox\video.webm]]
]]>
</system-out>
</testcase>
<testcase name="Mitarbeiter Gehaltsabrechnung E2E Tests › logout functionality" classname="tests-final.spec.js" time="10.859">
</testcase>
<testcase name="Mitarbeiter Gehaltsabrechnung E2E Tests › form validation - empty fields" classname="tests-final.spec.js" time="7.121">
</testcase>
<testcase name="Mitarbeiter Gehaltsabrechnung E2E Tests › responsive design" classname="tests-final.spec.js" time="11.579">
</testcase>
<testcase name="Mitarbeiter Gehaltsabrechnung E2E Tests › basic browser capabilities" classname="tests-final.spec.js" time="3.44">
</testcase>
<testcase name="Mitarbeiter Gehaltsabrechnung E2E Tests › yearly and monthly income updates" classname="tests-final.spec.js" time="22.385">
<failure message="tests-final.spec.js:297:3 yearly and monthly income updates" type="FAILURE">
<![CDATA[  [firefox] › tests-final.spec.js:297:3 › Mitarbeiter Gehaltsabrechnung E2E Tests › yearly and monthly income updates 

    TimeoutError: page.click: Timeout 10000ms exceeded.
    Call log:
      - waiting for locator('text=Zulagen')


      349 |     
      350 |     // Teste jährlichen Modus
    > 351 |     await page.click('text=Zulagen')
          |                ^
      352 |     
      353 |     // Warte auf Zulagen-Formular - suche nach verschiedenen möglichen Labels
      354 |     try {
        at C:\Projekte\Digitalisierung Gehaltsabrechnung\testing\e2e\tests-final.spec.js:351:16

    attachment #1: screenshot (image/png) ──────────────────────────────────────────────────────────
    test-results\tests-final-Mitarbeiter-Ge-4fe41--and-monthly-income-updates-firefox\test-failed-1.png
    ────────────────────────────────────────────────────────────────────────────────────────────────

    attachment #2: video (video/webm) ──────────────────────────────────────────────────────────────
    test-results\tests-final-Mitarbeiter-Ge-4fe41--and-monthly-income-updates-firefox\video.webm
    ────────────────────────────────────────────────────────────────────────────────────────────────

    Error Context: test-results\tests-final-Mitarbeiter-Ge-4fe41--and-monthly-income-updates-firefox\error-context.md
]]>
</failure>
<system-out>
<![CDATA[
[[ATTACHMENT|test-results\tests-final-Mitarbeiter-Ge-4fe41--and-monthly-income-updates-firefox\test-failed-1.png]]

[[ATTACHMENT|test-results\tests-final-Mitarbeiter-Ge-4fe41--and-monthly-income-updates-firefox\video.webm]]

[[ATTACHMENT|test-results\tests-final-Mitarbeiter-Ge-4fe41--and-monthly-income-updates-firefox\error-context.md]]
]]>
</system-out>
</testcase>
<testcase name="Mitarbeiter Gehaltsabrechnung E2E Tests › employee table sorting functionality" classname="tests-final.spec.js" time="15.267">
</testcase>
<testcase name="Mitarbeiter Gehaltsabrechnung E2E Tests › employee search functionality" classname="tests-final.spec.js" time="7.005">
<system-out>
<![CDATA[Suchfeld nicht gefunden - möglicherweise nicht implementiert
]]>
</system-out>
</testcase>
<testcase name="Mitarbeiter Gehaltsabrechnung E2E Tests › employee CRUD operations" classname="tests-final.spec.js" time="16.782">
</testcase>
<testcase name="Mitarbeiter Gehaltsabrechnung E2E Tests › employee detail view comprehensive" classname="tests-final.spec.js" time="34.488">
<failure message="tests-final.spec.js:700:3 employee detail view comprehensive" type="FAILURE">
<![CDATA[  [firefox] › tests-final.spec.js:700:3 › Mitarbeiter Gehaltsabrechnung E2E Tests › employee detail view comprehensive 

    TimeoutError: page.waitForSelector: Timeout 10000ms exceeded.
    Call log:
      - waiting for locator('text=Gehalt') to be visible


      722 |     // Warte auf Detailseite
      723 |     await Promise.race([
    > 724 |       page.waitForSelector('text=Gehalt', { timeout: 10000 }),
          |            ^
      725 |       page.waitForSelector('text=Zulagen', { timeout: 10000 }),
      726 |       page.waitForSelector('text=Abzüge', { timeout: 10000 })
      727 |     ])
        at C:\Projekte\Digitalisierung Gehaltsabrechnung\testing\e2e\tests-final.spec.js:724:12

    attachment #1: screenshot (image/png) ──────────────────────────────────────────────────────────
    test-results\tests-final-Mitarbeiter-Ge-61d43-e-detail-view-comprehensive-firefox\test-failed-1.png
    ────────────────────────────────────────────────────────────────────────────────────────────────

    attachment #2: video (video/webm) ──────────────────────────────────────────────────────────────
    test-results\tests-final-Mitarbeiter-Ge-61d43-e-detail-view-comprehensive-firefox\video.webm
    ────────────────────────────────────────────────────────────────────────────────────────────────

    Error Context: test-results\tests-final-Mitarbeiter-Ge-61d43-e-detail-view-comprehensive-firefox\error-context.md
]]>
</failure>
<system-out>
<![CDATA[
[[ATTACHMENT|test-results\tests-final-Mitarbeiter-Ge-61d43-e-detail-view-comprehensive-firefox\test-failed-1.png]]

[[ATTACHMENT|test-results\tests-final-Mitarbeiter-Ge-61d43-e-detail-view-comprehensive-firefox\video.webm]]

[[ATTACHMENT|test-results\tests-final-Mitarbeiter-Ge-61d43-e-detail-view-comprehensive-firefox\error-context.md]]
]]>
</system-out>
</testcase>
<testcase name="Mitarbeiter Gehaltsabrechnung E2E Tests › error handling and loading states" classname="tests-final.spec.js" time="30.447">
</testcase>
<testcase name="Mitarbeiter Gehaltsabrechnung E2E Tests › import export functionality" classname="tests-final.spec.js" time="34.986">
<system-out>
<![CDATA[Export nicht gestartet - möglicherweise nicht implementiert oder Modal erforderlich
]]>
</system-out>
</testcase>
<testcase name="Mitarbeiter Gehaltsabrechnung E2E Tests › accessibility and keyboard navigation" classname="tests-final.spec.js" time="12.599">
</testcase>
</testsuite>
</testsuites>