<testsuites id="" name="" tests="54" failures="1" skipped="0" errors="0" time="369.469424">
<testsuite name="tests-final.spec.js" timestamp="2026-02-18T10:21:42.147Z" hostname="chromium" tests="18" failures="0" skipped="0" time="431.834" errors="0">
<testcase name="Mitarbeiter Gehaltsabrechnung E2E Tests › home page loads correctly" classname="tests-final.spec.js" time="42.312">
</testcase>
<testcase name="Mitarbeiter Gehaltsabrechnung E2E Tests › navigation to login page" classname="tests-final.spec.js" time="45.923">
</testcase>
<testcase name="Mitarbeiter Gehaltsabrechnung E2E Tests › successful login workflow" classname="tests-final.spec.js" time="47.231">
</testcase>
<testcase name="Mitarbeiter Gehaltsabrechnung E2E Tests › invalid login should fail" classname="tests-final.spec.js" time="46.639">
</testcase>
<testcase name="Mitarbeiter Gehaltsabrechnung E2E Tests › employee table functionality" classname="tests-final.spec.js" time="10.254">
</testcase>
<testcase name="Mitarbeiter Gehaltsabrechnung E2E Tests › employee form modal" classname="tests-final.spec.js" time="11.944">
</testcase>
<testcase name="Mitarbeiter Gehaltsabrechnung E2E Tests › logout functionality" classname="tests-final.spec.js" time="10.846">
</testcase>
<testcase name="Mitarbeiter Gehaltsabrechnung E2E Tests › form validation - empty fields" classname="tests-final.spec.js" time="7.064">
</testcase>
<testcase name="Mitarbeiter Gehaltsabrechnung E2E Tests › responsive design" classname="tests-final.spec.js" time="28.002">
</testcase>
<testcase name="Mitarbeiter Gehaltsabrechnung E2E Tests › basic browser capabilities" classname="tests-final.spec.js" time="24.961">
</testcase>
<testcase name="Mitarbeiter Gehaltsabrechnung E2E Tests › yearly and monthly income updates" classname="tests-final.spec.js" time="14.271">
</testcase>
<testcase name="Mitarbeiter Gehaltsabrechnung E2E Tests › employee table sorting functionality" classname="tests-final.spec.js" time="25.243">
</testcase>
<testcase name="Mitarbeiter Gehaltsabrechnung E2E Tests › employee search functionality" classname="tests-final.spec.js" time="9.062">
<system-out>
<![CDATA[Suchfeld nicht gefunden
]]>
</system-out>
</testcase>
<testcase name="Mitarbeiter Gehaltsabrechnung E2E Tests › employee CRUD operations" classname="tests-final.spec.js" time="21.73">
</testcase>
<testcase name="Mitarbeiter Gehaltsabrechnung E2E Tests › employee detail view comprehensive" classname="tests-final.spec.js" time="30.971">
</testcase>
<testcase name="Mitarbeiter Gehaltsabrechnung E2E Tests › error handling and loading states" classname="tests-final.spec.js" time="19.902">
</testcase>
<testcase name="Mitarbeiter Gehaltsabrechnung E2E Tests › import export functionality" classname="tests-final.spec.js" time="28.21">
<system-out>
<![CDATA[Download nicht gestartet, möglicherweise Modal erforderlich
]]>
</system-out>
</testcase>
<testcase name="Mitarbeiter Gehaltsabrechnung E2E Tests › accessibility and keyboard navigation" classname="tests-final.spec.js" time="7.269">
</testcase>
</testsuite>
<testsuite name="tests-final.spec.js" timestamp="2026-02-18T10:21:42.147Z" hostname="edge" tests="18" failures="1" skipped="0" time="285.834" errors="0">
<testcase name="Mitarbeiter Gehaltsabrechnung E2E Tests › home page loads correctly" classname="tests-final.spec.js" time="3.39">
</testcase>
<testcase name="Mitarbeiter Gehaltsabrechnung E2E Tests › navigation to login page" classname="tests-final.spec.js" time="7.235">
</testcase>
<testcase name="Mitarbeiter Gehaltsabrechnung E2E Tests › successful login workflow" classname="tests-final.spec.js" time="12.512">
</testcase>
<testcase name="Mitarbeiter Gehaltsabrechnung E2E Tests › invalid login should fail" classname="tests-final.spec.js" time="11.369">
</testcase>
<testcase name="Mitarbeiter Gehaltsabrechnung E2E Tests › employee table functionality" classname="tests-final.spec.js" time="18.579">
</testcase>
<testcase name="Mitarbeiter Gehaltsabrechnung E2E Tests › employee form modal" classname="tests-final.spec.js" time="17.066">
</testcase>
<testcase name="Mitarbeiter Gehaltsabrechnung E2E Tests › logout functionality" classname="tests-final.spec.js" time="19.487">
</testcase>
<testcase name="Mitarbeiter Gehaltsabrechnung E2E Tests › form validation - empty fields" classname="tests-final.spec.js" time="11.922">
</testcase>
<testcase name="Mitarbeiter Gehaltsabrechnung E2E Tests › responsive design" classname="tests-final.spec.js" time="7.94">
</testcase>
<testcase name="Mitarbeiter Gehaltsabrechnung E2E Tests › basic browser capabilities" classname="tests-final.spec.js" time="7.962">
</testcase>
<testcase name="Mitarbeiter Gehaltsabrechnung E2E Tests › yearly and monthly income updates" classname="tests-final.spec.js" time="41.408">
<failure message="tests-final.spec.js:297:3 yearly and monthly income updates" type="FAILURE">
<![CDATA[  [edge] › tests-final.spec.js:297:3 › Mitarbeiter Gehaltsabrechnung E2E Tests › yearly and monthly income updates 

    TimeoutError: page.click: Timeout 10000ms exceeded.
    Call log:
      - waiting for locator('button:has-text("Speichern")')


      387 |     
      388 |     // Speichere im jährlichen Modus
    > 389 |     await page.click('button:has-text("Speichern")')
          |                ^
      390 |     await page.waitForTimeout(2000)
      391 |     
      392 |     // Überprüfe, dass keine Fehlermeldung erscheint
        at C:\Projekte\Digitalisierung Gehaltsabrechnung\testing\e2e\tests-final.spec.js:389:16

    attachment #1: screenshot (image/png) ──────────────────────────────────────────────────────────
    test-results\tests-final-Mitarbeiter-Ge-4fe41--and-monthly-income-updates-edge\test-failed-1.png
    ────────────────────────────────────────────────────────────────────────────────────────────────

    attachment #2: video (video/webm) ──────────────────────────────────────────────────────────────
    test-results\tests-final-Mitarbeiter-Ge-4fe41--and-monthly-income-updates-edge\video.webm
    ────────────────────────────────────────────────────────────────────────────────────────────────

    Error Context: test-results\tests-final-Mitarbeiter-Ge-4fe41--and-monthly-income-updates-edge\error-context.md
]]>
</failure>
<system-out>
<![CDATA[Ticket Restaurant Input nicht gefunden, überspringe diesen Teil

[[ATTACHMENT|test-results\tests-final-Mitarbeiter-Ge-4fe41--and-monthly-income-updates-edge\test-failed-1.png]]

[[ATTACHMENT|test-results\tests-final-Mitarbeiter-Ge-4fe41--and-monthly-income-updates-edge\video.webm]]

[[ATTACHMENT|test-results\tests-final-Mitarbeiter-Ge-4fe41--and-monthly-income-updates-edge\error-context.md]]
]]>
</system-out>
</testcase>
<testcase name="Mitarbeiter Gehaltsabrechnung E2E Tests › employee table sorting functionality" classname="tests-final.spec.js" time="21.641">
</testcase>
<testcase name="Mitarbeiter Gehaltsabrechnung E2E Tests › employee search functionality" classname="tests-final.spec.js" time="23.026">
<system-out>
<![CDATA[Suchfeld nicht gefunden
]]>
</system-out>
</testcase>
<testcase name="Mitarbeiter Gehaltsabrechnung E2E Tests › employee CRUD operations" classname="tests-final.spec.js" time="16.883">
</testcase>
<testcase name="Mitarbeiter Gehaltsabrechnung E2E Tests › employee detail view comprehensive" classname="tests-final.spec.js" time="14.456">
</testcase>
<testcase name="Mitarbeiter Gehaltsabrechnung E2E Tests › error handling and loading states" classname="tests-final.spec.js" time="22.083">
</testcase>
<testcase name="Mitarbeiter Gehaltsabrechnung E2E Tests › import export functionality" classname="tests-final.spec.js" time="18.157">
<system-out>
<![CDATA[Download nicht gestartet, möglicherweise Modal erforderlich
]]>
</system-out>
</testcase>
<testcase name="Mitarbeiter Gehaltsabrechnung E2E Tests › accessibility and keyboard navigation" classname="tests-final.spec.js" time="10.718">
</testcase>
</testsuite>
<testsuite name="tests-final.spec.js" timestamp="2026-02-18T10:21:42.147Z" hostname="firefox" tests="18" failures="0" skipped="0" time="481.07" errors="0">
<testcase name="Mitarbeiter Gehaltsabrechnung E2E Tests › home page loads correctly" classname="tests-final.spec.js" time="10.641">
</testcase>
<testcase name="Mitarbeiter Gehaltsabrechnung E2E Tests › navigation to login page" classname="tests-final.spec.js" time="32.467">
</testcase>
<testcase name="Mitarbeiter Gehaltsabrechnung E2E Tests › successful login workflow" classname="tests-final.spec.js" time="40.663">
</testcase>
<testcase name="Mitarbeiter Gehaltsabrechnung E2E Tests › invalid login should fail" classname="tests-final.spec.js" time="21.329">
</testcase>
<testcase name="Mitarbeiter Gehaltsabrechnung E2E Tests › employee table functionality" classname="tests-final.spec.js" time="21.439">
</testcase>
<testcase name="Mitarbeiter Gehaltsabrechnung E2E Tests › employee form modal" classname="tests-final.spec.js" time="35.594">
</testcase>
<testcase name="Mitarbeiter Gehaltsabrechnung E2E Tests › logout functionality" classname="tests-final.spec.js" time="27.049">
</testcase>
<testcase name="Mitarbeiter Gehaltsabrechnung E2E Tests › form validation - empty fields" classname="tests-final.spec.js" time="13.465">
</testcase>
<testcase name="Mitarbeiter Gehaltsabrechnung E2E Tests › responsive design" classname="tests-final.spec.js" time="22.589">
</testcase>
<testcase name="Mitarbeiter Gehaltsabrechnung E2E Tests › basic browser capabilities" classname="tests-final.spec.js" time="8.29">
</testcase>
<testcase name="Mitarbeiter Gehaltsabrechnung E2E Tests › yearly and monthly income updates" classname="tests-final.spec.js" time="35.341">
</testcase>
<testcase name="Mitarbeiter Gehaltsabrechnung E2E Tests › employee table sorting functionality" classname="tests-final.spec.js" time="47.313">
</testcase>
<testcase name="Mitarbeiter Gehaltsabrechnung E2E Tests › employee search functionality" classname="tests-final.spec.js" time="24.949">
<system-out>
<![CDATA[Suchfeld nicht gefunden
]]>
</system-out>
</testcase>
<testcase name="Mitarbeiter Gehaltsabrechnung E2E Tests › employee CRUD operations" classname="tests-final.spec.js" time="48.795">
</testcase>
<testcase name="Mitarbeiter Gehaltsabrechnung E2E Tests › employee detail view comprehensive" classname="tests-final.spec.js" time="33.676">
</testcase>
<testcase name="Mitarbeiter Gehaltsabrechnung E2E Tests › error handling and loading states" classname="tests-final.spec.js" time="22.255">
</testcase>
<testcase name="Mitarbeiter Gehaltsabrechnung E2E Tests › import export functionality" classname="tests-final.spec.js" time="21.827">
<system-out>
<![CDATA[Download nicht gestartet, möglicherweise Modal erforderlich
]]>
</system-out>
</testcase>
<testcase name="Mitarbeiter Gehaltsabrechnung E2E Tests › accessibility and keyboard navigation" classname="tests-final.spec.js" time="13.388">
</testcase>
</testsuite>
</testsuites>