<testsuites id="" name="" tests="54" failures="0" skipped="0" errors="0" time="282.89261799999997">
<testsuite name="tests-final.spec.js" timestamp="2026-02-20T10:18:57.071Z" hostname="chromium" tests="18" failures="0" skipped="0" time="234.976" errors="0">
<testcase name="Mitarbeiter Gehaltsabrechnung E2E Tests › home page loads correctly" classname="tests-final.spec.js" time="3.517">
</testcase>
<testcase name="Mitarbeiter Gehaltsabrechnung E2E Tests › navigation to login page" classname="tests-final.spec.js" time="17.719">
</testcase>
<testcase name="Mitarbeiter Gehaltsabrechnung E2E Tests › successful login workflow" classname="tests-final.spec.js" time="18.794">
</testcase>
<testcase name="Mitarbeiter Gehaltsabrechnung E2E Tests › invalid login should fail" classname="tests-final.spec.js" time="14.22">
</testcase>
<testcase name="Mitarbeiter Gehaltsabrechnung E2E Tests › employee table functionality" classname="tests-final.spec.js" time="8.22">
</testcase>
<testcase name="Mitarbeiter Gehaltsabrechnung E2E Tests › employee form modal" classname="tests-final.spec.js" time="10.73">
</testcase>
<testcase name="Mitarbeiter Gehaltsabrechnung E2E Tests › logout functionality" classname="tests-final.spec.js" time="8.859">
</testcase>
<testcase name="Mitarbeiter Gehaltsabrechnung E2E Tests › form validation - empty fields" classname="tests-final.spec.js" time="5.899">
</testcase>
<testcase name="Mitarbeiter Gehaltsabrechnung E2E Tests › responsive design" classname="tests-final.spec.js" time="14.28">
</testcase>
<testcase name="Mitarbeiter Gehaltsabrechnung E2E Tests › basic browser capabilities" classname="tests-final.spec.js" time="14.385">
</testcase>
<testcase name="Mitarbeiter Gehaltsabrechnung E2E Tests › yearly and monthly income updates" classname="tests-final.spec.js" time="13.509">
</testcase>
<testcase name="Mitarbeiter Gehaltsabrechnung E2E Tests › employee table sorting functionality" classname="tests-final.spec.js" time="14.995">
</testcase>
<testcase name="Mitarbeiter Gehaltsabrechnung E2E Tests › employee search functionality" classname="tests-final.spec.js" time="6.3">
<system-out>
<![CDATA[Suchfeld nicht gefunden - möglicherweise nicht implementiert
]]>
</system-out>
</testcase>
<testcase name="Mitarbeiter Gehaltsabrechnung E2E Tests › employee CRUD operations" classname="tests-final.spec.js" time="16.55">
</testcase>
<testcase name="Mitarbeiter Gehaltsabrechnung E2E Tests › employee detail view comprehensive" classname="tests-final.spec.js" time="19.636">
</testcase>
<testcase name="Mitarbeiter Gehaltsabrechnung E2E Tests › error handling and loading states" classname="tests-final.spec.js" time="13.856">
</testcase>
<testcase name="Mitarbeiter Gehaltsabrechnung E2E Tests › import export functionality" classname="tests-final.spec.js" time="24.189">
<system-out>
<![CDATA[Export nicht gestartet - möglicherweise nicht implementiert oder Modal erforderlich
]]>
</system-out>
</testcase>
<testcase name="Mitarbeiter Gehaltsabrechnung E2E Tests › accessibility and keyboard navigation" classname="tests-final.spec.js" time="9.318">
</testcase>
</testsuite>
<testsuite name="tests-final.spec.js" timestamp="2026-02-20T10:18:57.071Z" hostname="edge" tests="18" failures="0" skipped="0" time="224.104" errors="0">
<testcase name="Mitarbeiter Gehaltsabrechnung E2E Tests › home page loads correctly" classname="tests-final.spec.js" time="3.002">
</testcase>
<testcase name="Mitarbeiter Gehaltsabrechnung E2E Tests › navigation to login page" classname="tests-final.spec.js" time="6.837">
</testcase>
<testcase name="Mitarbeiter Gehaltsabrechnung E2E Tests › successful login workflow" classname="tests-final.spec.js" time="11.365">
</testcase>
<testcase name="Mitarbeiter Gehaltsabrechnung E2E Tests › invalid login should fail" classname="tests-final.spec.js" time="14.041">
</testcase>
<testcase name="Mitarbeiter Gehaltsabrechnung E2E Tests › employee table functionality" classname="tests-final.spec.js" time="7.645">
</testcase>
<testcase name="Mitarbeiter Gehaltsabrechnung E2E Tests › employee form modal" classname="tests-final.spec.js" time="12.914">
</testcase>
<testcase name="Mitarbeiter Gehaltsabrechnung E2E Tests › logout functionality" classname="tests-final.spec.js" time="13.024">
</testcase>
<testcase name="Mitarbeiter Gehaltsabrechnung E2E Tests › form validation - empty fields" classname="tests-final.spec.js" time="7.798">
</testcase>
<testcase name="Mitarbeiter Gehaltsabrechnung E2E Tests › responsive design" classname="tests-final.spec.js" time="7.924">
</testcase>
<testcase name="Mitarbeiter Gehaltsabrechnung E2E Tests › basic browser capabilities" classname="tests-final.spec.js" time="2.052">
</testcase>
<testcase name="Mitarbeiter Gehaltsabrechnung E2E Tests › yearly and monthly income updates" classname="tests-final.spec.js" time="16.975">
</testcase>
<testcase name="Mitarbeiter Gehaltsabrechnung E2E Tests › employee table sorting functionality" classname="tests-final.spec.js" time="21.473">
</testcase>
<testcase name="Mitarbeiter Gehaltsabrechnung E2E Tests › employee search functionality" classname="tests-final.spec.js" time="12.485">
<system-out>
<![CDATA[Suchfeld nicht gefunden - möglicherweise nicht implementiert
]]>
</system-out>
</testcase>
<testcase name="Mitarbeiter Gehaltsabrechnung E2E Tests › employee CRUD operations" classname="tests-final.spec.js" time="19.402">
</testcase>
<testcase name="Mitarbeiter Gehaltsabrechnung E2E Tests › employee detail view comprehensive" classname="tests-final.spec.js" time="18.576">
</testcase>
<testcase name="Mitarbeiter Gehaltsabrechnung E2E Tests › error handling and loading states" classname="tests-final.spec.js" time="18.059">
</testcase>
<testcase name="Mitarbeiter Gehaltsabrechnung E2E Tests › import export functionality" classname="tests-final.spec.js" time="18.98">
<system-out>
<![CDATA[Export nicht gestartet - möglicherweise nicht implementiert oder Modal erforderlich
]]>
</system-out>
</testcase>
<testcase name="Mitarbeiter Gehaltsabrechnung E2E Tests › accessibility and keyboard navigation" classname="tests-final.spec.js" time="11.552">
</testcase>
</testsuite>
<testsuite name="tests-final.spec.js" timestamp="2026-02-20T10:18:57.071Z" hostname="firefox" tests="18" failures="0" skipped="0" time="435.368" errors="0">
<testcase name="Mitarbeiter Gehaltsabrechnung E2E Tests › home page loads correctly" classname="tests-final.spec.js" time="19.144">
</testcase>
<testcase name="Mitarbeiter Gehaltsabrechnung E2E Tests › navigation to login page" classname="tests-final.spec.js" time="20.274">
</testcase>
<testcase name="Mitarbeiter Gehaltsabrechnung E2E Tests › successful login workflow" classname="tests-final.spec.js" time="33.303">
</testcase>
<testcase name="Mitarbeiter Gehaltsabrechnung E2E Tests › invalid login should fail" classname="tests-final.spec.js" time="24.64">
</testcase>
<testcase name="Mitarbeiter Gehaltsabrechnung E2E Tests › employee table functionality" classname="tests-final.spec.js" time="14.272">
</testcase>
<testcase name="Mitarbeiter Gehaltsabrechnung E2E Tests › employee form modal" classname="tests-final.spec.js" time="21.194">
</testcase>
<testcase name="Mitarbeiter Gehaltsabrechnung E2E Tests › logout functionality" classname="tests-final.spec.js" time="14.074">
</testcase>
<testcase name="Mitarbeiter Gehaltsabrechnung E2E Tests › form validation - empty fields" classname="tests-final.spec.js" time="9.892">
</testcase>
<testcase name="Mitarbeiter Gehaltsabrechnung E2E Tests › responsive design" classname="tests-final.spec.js" time="27.37">
</testcase>
<testcase name="Mitarbeiter Gehaltsabrechnung E2E Tests › basic browser capabilities" classname="tests-final.spec.js" time="3.721">
</testcase>
<testcase name="Mitarbeiter Gehaltsabrechnung E2E Tests › yearly and monthly income updates" classname="tests-final.spec.js" time="32.998">
</testcase>
<testcase name="Mitarbeiter Gehaltsabrechnung E2E Tests › employee table sorting functionality" classname="tests-final.spec.js" time="51.394">
</testcase>
<testcase name="Mitarbeiter Gehaltsabrechnung E2E Tests › employee search functionality" classname="tests-final.spec.js" time="33.09">
<system-out>
<![CDATA[Suchfeld nicht gefunden - möglicherweise nicht implementiert
]]>
</system-out>
</testcase>
<testcase name="Mitarbeiter Gehaltsabrechnung E2E Tests › employee CRUD operations" classname="tests-final.spec.js" time="33.023">
</testcase>
<testcase name="Mitarbeiter Gehaltsabrechnung E2E Tests › employee detail view comprehensive" classname="tests-final.spec.js" time="31.092">
</testcase>
<testcase name="Mitarbeiter Gehaltsabrechnung E2E Tests › error handling and loading states" classname="tests-final.spec.js" time="25.91">
</testcase>
<testcase name="Mitarbeiter Gehaltsabrechnung E2E Tests › import export functionality" classname="tests-final.spec.js" time="23.646">
<system-out>
<![CDATA[Export nicht gestartet - möglicherweise nicht implementiert oder Modal erforderlich
]]>
</system-out>
</testcase>
<testcase name="Mitarbeiter Gehaltsabrechnung E2E Tests › accessibility and keyboard navigation" classname="tests-final.spec.js" time="16.331">
</testcase>
</testsuite>
</testsuites>